<?xml version="1.0" encoding="UTF-8"?>
<!-- Generated by org.testng.reporters.JUnitReportReporter -->
<testsuite hostname="IN-90DK1N3" failures="0" tests="5" name="assignment.RestFramework.testcases.Board" time="5.951" errors="0" timestamp="2022-11-22T22:15:01 IST" skipped="0">
  <testcase classname="assignment.RestFramework.testcases.Board" name="Create_a_board" time="2.102"/>
  <system-out/>
  <testcase classname="assignment.RestFramework.testcases.Board" name="get_a_board" time="1.232"/>
  <system-out/>
  <testcase classname="assignment.RestFramework.testcases.Board" name="update_a_board" time="0.847"/>
  <system-out/>
  <testcase classname="assignment.RestFramework.testcases.Board" name="delete_a_board" time="1.149"/>
  <system-out/>
  <testcase classname="assignment.RestFramework.testcases.Board" name="negative_scenario" time="0.621"/>
  <system-out/>
</testsuite> <!-- assignment.RestFramework.testcases.Board -->
