<?xml version="1.0" encoding="UTF-8"?>
<!-- Generated by org.testng.reporters.JUnitReportReporter -->
<testsuite hostname="IN-90DK1N3" failures="0" tests="5" name="assignment.RestFramework.testcases.CheckLists" time="5.003" errors="0" timestamp="2022-11-22T22:15:01 IST" skipped="0">
  <testcase classname="assignment.RestFramework.testcases.CheckLists" name="Create_a_CheckList" time="0.929"/>
  <system-out/>
  <testcase classname="assignment.RestFramework.testcases.CheckLists" name="get_a_CheckList" time="1.659"/>
  <system-out/>
  <testcase classname="assignment.RestFramework.testcases.CheckLists" name="update_a_CheckList" time="0.815"/>
  <system-out/>
  <testcase classname="assignment.RestFramework.testcases.CheckLists" name="delete_a_CheckList" time="1.005"/>
  <system-out/>
  <testcase classname="assignment.RestFramework.testcases.CheckLists" name="negative_scenario" time="0.595"/>
  <system-out/>
</testsuite> <!-- assignment.RestFramework.testcases.CheckLists -->
