<?xml version="1.0" encoding="UTF-8"?>
<!-- Generated by org.testng.reporters.JUnitReportReporter -->
<testsuite hostname="IN-90DK1N3" failures="0" tests="5" name="assignment.RestFramework.testcases.Card" time="4.239" errors="0" timestamp="2022-11-22T22:15:01 IST" skipped="0">
  <testcase classname="assignment.RestFramework.testcases.Card" name="Create_a_Card" time="0.994"/>
  <system-out/>
  <testcase classname="assignment.RestFramework.testcases.Card" name="get_a_Card" time="0.734"/>
  <system-out/>
  <testcase classname="assignment.RestFramework.testcases.Card" name="update_a_Card" time="1.095"/>
  <system-out/>
  <testcase classname="assignment.RestFramework.testcases.Card" name="delete_a_Card" time="0.795"/>
  <system-out/>
  <testcase classname="assignment.RestFramework.testcases.Card" name="negative_scenario" time="0.621"/>
  <system-out/>
</testsuite> <!-- assignment.RestFramework.testcases.Card -->
