<?xml version="1.0" encoding="UTF-8"?>
<!-- Generated by org.testng.reporters.JUnitReportReporter -->
<testsuite hostname="IN-90DK1N3" failures="0" tests="5" name="assignment.RestFramework.testcases.Lebels" time="4.495" errors="0" timestamp="2022-11-22T22:15:01 IST" skipped="0">
  <testcase classname="assignment.RestFramework.testcases.Lebels" name="Create_a_Lebel" time="1.362"/>
  <system-out/>
  <testcase classname="assignment.RestFramework.testcases.Lebels" name="get_a_Lebel" time="0.704"/>
  <system-out/>
  <testcase classname="assignment.RestFramework.testcases.Lebels" name="update_a_Lebel" time="1.006"/>
  <system-out/>
  <testcase classname="assignment.RestFramework.testcases.Lebels" name="delete_a_Lebel" time="0.809"/>
  <system-out/>
  <testcase classname="assignment.RestFramework.testcases.Lebels" name="negative_scenario" time="0.614"/>
  <system-out/>
</testsuite> <!-- assignment.RestFramework.testcases.Lebels -->
