<?xml version="1.0" encoding="UTF-8"?>
<!-- Generated by org.testng.reporters.JUnitReportReporter -->
<testsuite hostname="IN-90DK1N3" failures="0" tests="1" name="assignment.RestFramework.testcases.CheckLists" time="2.582" errors="0" timestamp="22 Nov 2022 16:24:56 GMT" skipped="0">
  <testcase classname="assignment.RestFramework.testcases.CheckLists" name="Create_a_CheckList" time="2.582"/>
</testsuite> <!-- assignment.RestFramework.testcases.CheckLists -->
